This is pdfTeX, Version 3.14159265-2.6-1.40.20 (MiKTeX 2.9.7250 64-bit) (preloaded format=pdflatex 2019.11.27)  16 JAN 2020 14:36
entering extended mode
**./iccc.tex
(iccc.tex
LaTeX2e <2019-10-01> patch level 3
("C:\Program Files\MiKTeX 2.9\tex/latex/base\article.cls"
Document Class: article 2019/10/25 v1.4k Standard LaTeX document class
("C:\Program Files\MiKTeX 2.9\tex/latex/base\size10.clo"
File: size10.clo 2019/10/25 v1.4k Standard LaTeX file (size option)
)
\c@part=\count80
\c@section=\count81
\c@subsection=\count82
\c@subsubsection=\count83
\c@paragraph=\count84
\c@subparagraph=\count85
\c@figure=\count86
\c@table=\count87
\abovecaptionskip=\skip41
\belowcaptionskip=\skip42
\bibindent=\dimen102
) (iccc.sty
Conference Style for ICCC for LaTeX 2e -- version of 16 September 2010
\titlebox=\skip43
) ("C:\Program Files\MiKTeX 2.9\tex/latex/psnfss\times.sty"
Package: times 2005/04/12 PSNFSS-v9.2a (SPQR) 
)
("C:\Program Files\MiKTeX 2.9\tex/latex/psnfss\helvet.sty"
Package: helvet 2005/04/12 PSNFSS-v9.2a (WaS) 

("C:\Program Files\MiKTeX 2.9\tex/latex/graphics\keyval.sty"
Package: keyval 2014/10/28 v1.15 key=value parser (DPC)
\KV@toks@=\toks14
))
("C:\Program Files\MiKTeX 2.9\tex/latex/psnfss\courier.sty"
Package: courier 2005/04/12 PSNFSS-v9.2a (WaS) 
) (iccc.aux)
\openout1 = `iccc.aux'.

LaTeX Font Info:    Checking defaults for OML/cmm/m/it on input line 27.
LaTeX Font Info:    ... okay on input line 27.
LaTeX Font Info:    Checking defaults for T1/cmr/m/n on input line 27.
LaTeX Font Info:    ... okay on input line 27.
LaTeX Font Info:    Checking defaults for OT1/cmr/m/n on input line 27.
LaTeX Font Info:    ... okay on input line 27.
LaTeX Font Info:    Checking defaults for OMS/cmsy/m/n on input line 27.
LaTeX Font Info:    ... okay on input line 27.
LaTeX Font Info:    Checking defaults for OMX/cmex/m/n on input line 27.
LaTeX Font Info:    ... okay on input line 27.
LaTeX Font Info:    Checking defaults for U/cmr/m/n on input line 27.
LaTeX Font Info:    ... okay on input line 27.
LaTeX Font Info:    Trying to load font information for OT1+ptm on input line 2
7.

("C:\Program Files\MiKTeX 2.9\tex/latex/psnfss\ot1ptm.fd"
File: ot1ptm.fd 2001/06/04 font definitions for OT1/ptm.
)
LaTeX Font Info:    Font shape `OT1/ptm/bx/n' in size <14.4> not available
(Font)              Font shape `OT1/ptm/b/n' tried instead on input line 28.
LaTeX Font Info:    External font `cmex10' loaded for size
(Font)              <7> on input line 28.
LaTeX Font Info:    External font `cmex10' loaded for size
(Font)              <5> on input line 28.
LaTeX Font Info:    Font shape `OT1/ptm/bx/n' in size <12> not available
(Font)              Font shape `OT1/ptm/b/n' tried instead on input line 28.


LaTeX Warning: No \author given.

LaTeX Font Info:    Font shape `OT1/ptm/bx/n' in size <10> not available
(Font)              Font shape `OT1/ptm/b/n' tried instead on input line 29.
LaTeX Font Info:    Trying to load font information for OT1+pcr on input line 4
5.
("C:\Program Files\MiKTeX 2.9\tex/latex/psnfss\ot1pcr.fd"
File: ot1pcr.fd 2001/06/04 font definitions for OT1/pcr.
)
Underfull \hbox (badness 1137) in paragraph at lines 44--48
[]\OT1/ptm/m/n/10 Please see the con-fer-ence web site (ac-ces-si-ble from
 []


Underfull \hbox (badness 10000) in paragraph at lines 44--48
\OT1/pcr/m/n/9 http://computationalcreativity.net/\OT1/ptm/m/n/10 ) for sub-
 []


Underfull \hbox (badness 1552) in paragraph at lines 44--48
\OT1/ptm/m/n/10 mis-sion in-struc-tions, in-clud-ing dif-fer-ent pos-si-ble pa-
per
 []

LaTeX Font Info:    Font shape `OT1/ptm/bx/n' in size <10.95> not available
(Font)              Font shape `OT1/ptm/b/n' tried instead on input line 49.
LaTeX Font Info:    Trying to load font information for OMS+ptm on input line 6
5.
("C:\Program Files\MiKTeX 2.9\tex/latex/psnfss\omsptm.fd"
File: omsptm.fd 
)
LaTeX Font Info:    Font shape `OMS/ptm/m/n' in size <10> not available
(Font)              Font shape `OMS/cmsy/m/n' tried instead on input line 65.
LaTeX Font Info:    Trying to load font information for OMS+pcr on input line 8
6.

("C:\Program Files\MiKTeX 2.9\tex/latex/psnfss\omspcr.fd"
File: omspcr.fd 
)
LaTeX Font Info:    Font shape `OMS/pcr/m/n' in size <10> not available
(Font)              Font shape `OMS/cmsy/m/n' tried instead on input line 86.
 [1{C:/Users/Jose/AppData/Local/MiKTeX/2.9/pdftex/config/pdftex.map}



]
LaTeX Font Info:    Font shape `OT1/ptm/bx/n' in size <7> not available
(Font)              Font shape `OT1/ptm/b/n' tried instead on input line 181.
LaTeX Font Info:    External font `cmex10' loaded for size
(Font)              <9> on input line 210.
LaTeX Font Info:    External font `cmex10' loaded for size
(Font)              <6> on input line 210.
 [2] (iccc.bbl
Underfull \hbox (badness 10000) in paragraph at lines 4--9
\OT1/ptm/m/n/10 ing repos-i-tory.  Uni-ver-sity of Cal-i-for-nia, Irvine,
 []


Underfull \hbox (badness 10000) in paragraph at lines 4--9
\OT1/ptm/m/n/10 School of In-for-ma-tion and Com-puter Sci-ences.
 []

) [3

] (iccc.aux) ) 
Here is how much of TeX's memory you used:
 460 strings out of 492450
 5972 string characters out of 3129751
 72236 words of memory out of 3000000
 4853 multiletter control sequences out of 15000+200000
 25852 words of font info for 49 fonts, out of 3000000 for 9000
 1141 hyphenation exceptions out of 8191
 25i,10n,23p,324b,242s stack positions out of 5000i,500n,10000p,200000b,50000s
{C:/Program Files/MiKTeX 2.9/fonts/enc/dvips/base/8r.enc}<C:/Prog
ram Files/MiKTeX 2.9/fonts/type1/public/amsfonts/cm/cmsy10.pfb><C:/Program File
s/MiKTeX 2.9/fonts/type1/public/amsfonts/cm/cmsy7.pfb><C:/Program Files/MiKTeX 
2.9/fonts/type1/urw/courier/ucrr8a.pfb><C:/Program Files/MiKTeX 2.9/fonts/type1
/urw/times/utmb8a.pfb><C:/Program Files/MiKTeX 2.9/fonts/type1/urw/times/utmr8a
.pfb><C:/Program Files/MiKTeX 2.9/fonts/type1/urw/times/utmri8a.pfb>
Output written on iccc.pdf (3 pages, 88700 bytes).
PDF statistics:
 37 PDF objects out of 1000 (max. 8388607)
 0 named destinations out of 1000 (max. 500000)
 1 words of extra memory for PDF output out of 10000 (max. 10000000)

